<?xml version="1.0" encoding="UTF-8"?>
<!-- Generated by org.testng.reporters.JUnitReportReporter -->
<testsuite skipped="0" hostname="DESKTOP-5TDGN5L" name="logtest.AppTest" tests="2" failures="0" timestamp="24 Sep 2021 22:26:26 GMT" time="0.025" errors="0">
  <testcase name="invalidLoginTest" time="0.022" classname="logtest.AppTest"/>
  <testcase name="validLoginTest" time="0.003" classname="logtest.AppTest"/>
</testsuite> <!-- logtest.AppTest -->
